{"numTotalTestSuites":62,"numPassedTestSuites":62,"numFailedTestSuites":0,"numPendingTestSuites":0,"numTotalTests":117,"numPassedTests":97,"numFailedTests":0,"numPendingTests":20,"numTodoTests":0,"snapshot":{"added":0,"failure":false,"filesAdded":0,"filesRemoved":0,"filesRemovedList":[],"filesUnmatched":0,"filesUpdated":0,"matched":0,"total":0,"unchecked":0,"uncheckedKeysByFile":[],"unmatched":0,"updated":0,"didUpdate":false},"startTime":1759352807090,"success":true,"testResults":[{"assertionResults":[{"ancestorTitles":["Checkout API Resilience","Error Categorization"],"fullName":"Checkout API Resilience Error Categorization categorizes errors correctly","status":"passed","title":"categorizes errors correctly","duration":2.2242499999999836,"failureMessages":[],"meta":{}},{"ancestorTitles":["Checkout API Resilience","Retry Logic"],"fullName":"Checkout API Resilience Retry Logic succeeds on first attempt","status":"passed","title":"succeeds on first attempt","duration":0.7361670000000231,"failureMessages":[],"meta":{}},{"ancestorTitles":["Checkout API Resilience","Retry Logic"],"fullName":"Checkout API Resilience Retry Logic retries then succeeds","status":"passed","title":"retries then succeeds","duration":0.5683329999999387,"failureMessages":[],"meta":{}},{"ancestorTitles":["Checkout API Resilience","Retry Logic"],"fullName":"Checkout API Resilience Retry Logic respects abort signal","status":"passed","title":"respects abort signal","duration":0.8359169999999949,"failureMessages":[],"meta":{}},{"ancestorTitles":["Checkout API Resilience","Greek Postal Codes"],"fullName":"Checkout API Resilience Greek Postal Codes handles Athens metro rates","status":"passed","title":"handles Athens metro rates","duration":0.7330420000000686,"failureMessages":[],"meta":{}},{"ancestorTitles":["Checkout API Resilience","Greek Postal Codes"],"fullName":"Checkout API Resilience Greek Postal Codes handles Thessaloniki rates","status":"passed","title":"handles Thessaloniki rates","duration":0.20737499999995634,"failureMessages":[],"meta":{}},{"ancestorTitles":["Checkout API Resilience","Greek Postal Codes"],"fullName":"Checkout API Resilience Greek Postal Codes handles Crete rates (remote islands)","status":"passed","title":"handles Crete rates (remote islands)","duration":0.5873329999999441,"failureMessages":[],"meta":{}},{"ancestorTitles":["Checkout API Resilience","Greek Postal Codes"],"fullName":"Checkout API Resilience Greek Postal Codes handles islands rates","status":"passed","title":"handles islands rates","duration":0.14479099999994105,"failureMessages":[],"meta":{}},{"ancestorTitles":["Checkout API Resilience","Greek Postal Codes"],"fullName":"Checkout API Resilience Greek Postal Codes validates postal format - too short","status":"passed","title":"validates postal format - too short","duration":0.5587079999999105,"failureMessages":[],"meta":{}},{"ancestorTitles":["Checkout API Resilience","Greek Postal Codes"],"fullName":"Checkout API Resilience Greek Postal Codes validates postal format - too long","status":"passed","title":"validates postal format - too long","duration":0.22220800000002328,"failureMessages":[],"meta":{}},{"ancestorTitles":["Checkout API Resilience","Greek Postal Codes"],"fullName":"Checkout API Resilience Greek Postal Codes validates postal format - non-numeric","status":"passed","title":"validates postal format - non-numeric","duration":0.14179200000000947,"failureMessages":[],"meta":{}},{"ancestorTitles":["Checkout API Resilience","Network Scenarios"],"fullName":"Checkout API Resilience Network Scenarios handles server errors","status":"passed","title":"handles server errors","duration":13.994500000000016,"failureMessages":[],"meta":{}},{"ancestorTitles":["Checkout API Resilience","Network Scenarios"],"fullName":"Checkout API Resilience Network Scenarios handles rate limiting (HTTP 429)","status":"passed","title":"handles rate limiting (HTTP 429)","duration":5.373499999999922,"failureMessages":[],"meta":{}},{"ancestorTitles":["Checkout API Resilience","Network Scenarios"],"fullName":"Checkout API Resilience Network Scenarios handles network timeout","status":"passed","title":"handles network timeout","duration":0.6002920000000813,"failureMessages":[],"meta":{}},{"ancestorTitles":["Checkout API Resilience","Network Scenarios"],"fullName":"Checkout API Resilience Network Scenarios handles network connection failure","status":"passed","title":"handles network connection failure","duration":0.3782920000001013,"failureMessages":[],"meta":{}},{"ancestorTitles":["Checkout API Resilience","Network Scenarios"],"fullName":"Checkout API Resilience Network Scenarios validates responses","status":"passed","title":"validates responses","duration":2.8253330000000005,"failureMessages":[],"meta":{}},{"ancestorTitles":["Checkout API Resilience","Checkout Resilience Wrapper"],"fullName":"Checkout API Resilience Checkout Resilience Wrapper wraps operations with enhanced error handling","status":"passed","title":"wraps operations with enhanced error handling","duration":5.002292000000011,"failureMessages":[],"meta":{}},{"ancestorTitles":["Checkout API Resilience","Checkout Resilience Wrapper"],"fullName":"Checkout API Resilience Checkout Resilience Wrapper provides Greek error messages based on category","status":"passed","title":"provides Greek error messages based on category","duration":0.6452909999999292,"failureMessages":[],"meta":{}},{"ancestorTitles":["Checkout API Resilience","Checkout Resilience Wrapper"],"fullName":"Checkout API Resilience Checkout Resilience Wrapper handles timeout scenarios with Greek messaging","status":"passed","title":"handles timeout scenarios with Greek messaging","duration":0.25704099999995833,"failureMessages":[],"meta":{}},{"ancestorTitles":["Checkout API Resilience","Performance"],"fullName":"Checkout API Resilience Performance handles concurrent operations","status":"passed","title":"handles concurrent operations","duration":9.564707999999996,"failureMessages":[],"meta":{}}],"startTime":1759352807890,"endTime":1759352807936.5647,"status":"passed","message":"","name":"/Users/panagiotiskourkoutis/Dixis Project 2/Project-Dixis/frontend/tests/unit/checkout-api-extended.spec.ts"},{"assertionResults":[{"ancestorTitles":["Checkout API Performance","Concurrent Operations"],"fullName":"Checkout API Performance Concurrent Operations handles 10 concurrent cart operations","status":"passed","title":"handles 10 concurrent cart operations","duration":23.590625000000045,"failureMessages":[],"meta":{}},{"ancestorTitles":["Checkout API Performance","Concurrent Operations"],"fullName":"Checkout API Performance Concurrent Operations handles concurrent checkouts with progressive delay","status":"passed","title":"handles concurrent checkouts with progressive delay","duration":36.04870799999992,"failureMessages":[],"meta":{}},{"ancestorTitles":["Checkout API Performance","Timeout Scenarios"],"fullName":"Checkout API Performance Timeout Scenarios handles slow responses","status":"passed","title":"handles slow responses","duration":101.6567500000001,"failureMessages":[],"meta":{}},{"ancestorTitles":["Checkout API Performance","Timeout Scenarios"],"fullName":"Checkout API Performance Timeout Scenarios handles request timeouts","status":"passed","title":"handles request timeouts","duration":1.0128750000000082,"failureMessages":[],"meta":{}},{"ancestorTitles":["Checkout API Performance","Circuit Breaker"],"fullName":"Checkout API Performance Circuit Breaker opens after failure threshold","status":"passed","title":"opens after failure threshold","duration":0.621915999999942,"failureMessages":[],"meta":{}},{"ancestorTitles":["Checkout API Performance","Circuit Breaker"],"fullName":"Checkout API Performance Circuit Breaker resets after timeout","status":"passed","title":"resets after timeout","duration":151.73295800000005,"failureMessages":[],"meta":{}},{"ancestorTitles":["Checkout API Performance","Circuit Breaker"],"fullName":"Checkout API Performance Circuit Breaker tracks response times","status":"passed","title":"tracks response times","duration":52.36895800000002,"failureMessages":[],"meta":{}},{"ancestorTitles":["Checkout API Performance","Resource Management"],"fullName":"Checkout API Performance Resource Management handles many operations","status":"passed","title":"handles many operations","duration":26.435833000000002,"failureMessages":[],"meta":{}},{"ancestorTitles":["Checkout API Performance","Greek Postal Edge Cases"],"fullName":"Checkout API Performance Greek Postal Edge Cases handles remote islands","status":"passed","title":"handles remote islands","duration":0.41179200000010496,"failureMessages":[],"meta":{}},{"ancestorTitles":["Checkout API Performance","Greek Postal Edge Cases"],"fullName":"Checkout API Performance Greek Postal Edge Cases validates postal codes","status":"passed","title":"validates postal codes","duration":0.12362499999994725,"failureMessages":[],"meta":{}}],"startTime":1759352807887,"endTime":1759352808282.1235,"status":"passed","message":"","name":"/Users/panagiotiskourkoutis/Dixis Project 2/Project-Dixis/frontend/tests/unit/checkout-api-performance.spec.ts"},{"assertionResults":[{"ancestorTitles":["CO-ERR-003: MSW Integration Error Handling","Network Timeout Scenarios"],"fullName":"CO-ERR-003: MSW Integration Error Handling Network Timeout Scenarios handles cart loading timeout gracefully","status":"passed","title":"handles cart loading timeout gracefully","duration":5012.82125,"failureMessages":[],"meta":{}},{"ancestorTitles":["CO-ERR-003: MSW Integration Error Handling","Network Timeout Scenarios"],"fullName":"CO-ERR-003: MSW Integration Error Handling Network Timeout Scenarios handles shipping quote timeout","status":"passed","title":"handles shipping quote timeout","duration":5012.9178329999995,"failureMessages":[],"meta":{}},{"ancestorTitles":["CO-ERR-003: MSW Integration Error Handling","Server Error Responses"],"fullName":"CO-ERR-003: MSW Integration Error Handling Server Error Responses handles 500 server errors during checkout","status":"skipped","title":"handles 500 server errors during checkout","failureMessages":[],"meta":{}},{"ancestorTitles":["CO-ERR-003: MSW Integration Error Handling","Server Error Responses"],"fullName":"CO-ERR-003: MSW Integration Error Handling Server Error Responses handles validation errors with field details","status":"passed","title":"handles validation errors with field details","duration":11.388041999998677,"failureMessages":[],"meta":{}},{"ancestorTitles":["CO-ERR-003: MSW Integration Error Handling","Rate Limiting Scenarios"],"fullName":"CO-ERR-003: MSW Integration Error Handling Rate Limiting Scenarios handles rate limiting gracefully","status":"passed","title":"handles rate limiting gracefully","duration":11.768000000000029,"failureMessages":[],"meta":{}},{"ancestorTitles":["CO-ERR-003: MSW Integration Error Handling","Network Partition Scenarios"],"fullName":"CO-ERR-003: MSW Integration Error Handling Network Partition Scenarios partial service failures","status":"skipped","title":"partial service failures","failureMessages":[],"meta":{}},{"ancestorTitles":["CO-ERR-003: MSW Integration Error Handling","Circuit Breaker Pattern"],"fullName":"CO-ERR-003: MSW Integration Error Handling Circuit Breaker Pattern intermittent failures","status":"skipped","title":"intermittent failures","failureMessages":[],"meta":{}},{"ancestorTitles":["CO-ERR-003: MSW Integration Error Handling","Error Recovery"],"fullName":"CO-ERR-003: MSW Integration Error Handling Error Recovery allows error clearing and recovery","status":"passed","title":"allows error clearing and recovery","duration":5.550333999999566,"failureMessages":[],"meta":{}},{"ancestorTitles":["CO-ERR-003: MSW Integration Error Handling","Greek-specific Error Messages"],"fullName":"CO-ERR-003: MSW Integration Error Handling Greek-specific Error Messages provides localized error messages","status":"passed","title":"provides localized error messages","duration":2.721333000001323,"failureMessages":[],"meta":{}}],"startTime":1759352807921,"endTime":1759352817979.7214,"status":"passed","message":"","name":"/Users/panagiotiskourkoutis/Dixis Project 2/Project-Dixis/frontend/tests/unit/checkout-error-handling.spec.tsx"},{"assertionResults":[{"ancestorTitles":["CO-UI-002: Checkout Shipping Updates"],"fullName":"CO-UI-002: Checkout Shipping Updates validates Greek postal codes correctly","status":"skipped","title":"validates Greek postal codes correctly","failureMessages":[],"meta":{}},{"ancestorTitles":["CO-UI-002: Checkout Shipping Updates"],"fullName":"CO-UI-002: Checkout Shipping Updates displays loading state during shipping quote calculation","status":"skipped","title":"displays loading state during shipping quote calculation","failureMessages":[],"meta":{}},{"ancestorTitles":["CO-UI-002: Checkout Shipping Updates"],"fullName":"CO-UI-002: Checkout Shipping Updates handles remote island shipping with higher costs","status":"skipped","title":"handles remote island shipping with higher costs","failureMessages":[],"meta":{}},{"ancestorTitles":["CO-UI-002: Checkout Shipping Updates"],"fullName":"CO-UI-002: Checkout Shipping Updates allows shipping method selection and triggers callback","status":"skipped","title":"allows shipping method selection and triggers callback","failureMessages":[],"meta":{}},{"ancestorTitles":["CO-UI-002: Checkout Shipping Updates"],"fullName":"CO-UI-002: Checkout Shipping Updates handles API errors gracefully","status":"skipped","title":"handles API errors gracefully","failureMessages":[],"meta":{}}],"startTime":1759352807090,"endTime":1759352807090,"status":"passed","message":"","name":"/Users/panagiotiskourkoutis/Dixis Project 2/Project-Dixis/frontend/tests/unit/checkout-shipping-updates.spec.tsx"},{"assertionResults":[{"ancestorTitles":["Checkout API Extended Tests","AbortSignal & Cancellation"],"fullName":"Checkout API Extended Tests AbortSignal & Cancellation handles AbortSignal during cart loading","status":"skipped","title":"handles AbortSignal during cart loading","failureMessages":[],"meta":{}},{"ancestorTitles":["Checkout API Extended Tests","Greek Zone Validation Edge Cases"],"fullName":"Checkout API Extended Tests Greek Zone Validation Edge Cases validates major Greek cities and islands","status":"passed","title":"validates major Greek cities and islands","duration":1.6466249999999718,"failureMessages":[],"meta":{}},{"ancestorTitles":["Checkout API Extended Tests","Greek Zone Validation Edge Cases"],"fullName":"Checkout API Extended Tests Greek Zone Validation Edge Cases handles Greek diacritics in city names","status":"passed","title":"handles Greek diacritics in city names","duration":0.25912500000004,"failureMessages":[],"meta":{}},{"ancestorTitles":["Checkout API Extended Tests","Greek Zone Validation Edge Cases"],"fullName":"Checkout API Extended Tests Greek Zone Validation Edge Cases validates postal code format","status":"passed","title":"validates postal code format","duration":0.1677910000000793,"failureMessages":[],"meta":{}},{"ancestorTitles":["Checkout API Extended Tests","Error Categorization Edge Cases"],"fullName":"Checkout API Extended Tests Error Categorization Edge Cases categorizes network timeout vs server timeout differently","status":"skipped","title":"categorizes network timeout vs server timeout differently","failureMessages":[],"meta":{}},{"ancestorTitles":["Checkout API Extended Tests","Error Categorization Edge Cases"],"fullName":"Checkout API Extended Tests Error Categorization Edge Cases handles key HTTP status code ranges","status":"skipped","title":"handles key HTTP status code ranges","failureMessages":[],"meta":{}},{"ancestorTitles":["Checkout API Extended Tests","RetryWithBackoff Advanced Scenarios"],"fullName":"Checkout API Extended Tests RetryWithBackoff Advanced Scenarios respects exponential backoff timing","status":"skipped","title":"respects exponential backoff timing","failureMessages":[],"meta":{}},{"ancestorTitles":["Checkout API Extended Tests","RetryWithBackoff Advanced Scenarios"],"fullName":"Checkout API Extended Tests RetryWithBackoff Advanced Scenarios handles intermittent network failures correctly","status":"skipped","title":"handles intermittent network failures correctly","failureMessages":[],"meta":{}},{"ancestorTitles":["Checkout API Extended Tests","RetryWithBackoff Advanced Scenarios"],"fullName":"Checkout API Extended Tests RetryWithBackoff Advanced Scenarios stops retrying on non-retryable errors immediately","status":"passed","title":"stops retrying on non-retryable errors immediately","duration":9.082332999999949,"failureMessages":[],"meta":{}},{"ancestorTitles":["Checkout API Extended Tests","RetryWithBackoff Advanced Scenarios"],"fullName":"Checkout API Extended Tests RetryWithBackoff Advanced Scenarios handles mixed error types in retry sequence","status":"skipped","title":"handles mixed error types in retry sequence","failureMessages":[],"meta":{}},{"ancestorTitles":["Checkout API Extended Tests","Checkout Form Greek Business Rules"],"fullName":"Checkout API Extended Tests Checkout Form Greek Business Rules validates complete Greek checkout flow with edge cases","status":"passed","title":"validates complete Greek checkout flow with edge cases","duration":6.060333000000014,"failureMessages":[],"meta":{}},{"ancestorTitles":["Checkout API Extended Tests","Checkout Form Greek Business Rules"],"fullName":"Checkout API Extended Tests Checkout Form Greek Business Rules documents that accented Greek is currently rejected by schema (ADR-0001)","status":"passed","title":"documents that accented Greek is currently rejected by schema (ADR-0001)","duration":0.8511250000000246,"failureMessages":[],"meta":{}}],"startTime":1759352807883,"endTime":1759352807900.851,"status":"passed","message":"","name":"/Users/panagiotiskourkoutis/Dixis Project 2/Project-Dixis/frontend/tests/unit/checkout.api.extended.spec.ts"},{"assertionResults":[{"ancestorTitles":["CheckoutApiClient Resilience","Success Scenarios"],"fullName":"CheckoutApiClient Resilience Success Scenarios validates cart successfully on first attempt","status":"passed","title":"validates cart successfully on first attempt","duration":13.410957999999937,"failureMessages":[],"meta":{}},{"ancestorTitles":["CheckoutApiClient Resilience","Success Scenarios"],"fullName":"CheckoutApiClient Resilience Success Scenarios processes checkout successfully on first attempt","status":"passed","title":"processes checkout successfully on first attempt","duration":3.9825420000000804,"failureMessages":[],"meta":{}},{"ancestorTitles":["CheckoutApiClient Resilience","Success Scenarios"],"fullName":"CheckoutApiClient Resilience Success Scenarios calculates shipping quote successfully","status":"passed","title":"calculates shipping quote successfully","duration":0.4589580000000524,"failureMessages":[],"meta":{}},{"ancestorTitles":["CheckoutApiClient Resilience","Retry Logic"],"fullName":"CheckoutApiClient Resilience Retry Logic retries network errors and eventually succeeds","status":"skipped","title":"retries network errors and eventually succeeds","failureMessages":[],"meta":{}},{"ancestorTitles":["CheckoutApiClient Resilience","Retry Logic"],"fullName":"CheckoutApiClient Resilience Retry Logic retries server errors with exponential backoff","status":"skipped","title":"retries server errors with exponential backoff","failureMessages":[],"meta":{}},{"ancestorTitles":["CheckoutApiClient Resilience","Retry Logic"],"fullName":"CheckoutApiClient Resilience Retry Logic handles rate limiting with proper delay","status":"passed","title":"handles rate limiting with proper delay","duration":4.45008299999995,"failureMessages":[],"meta":{}},{"ancestorTitles":["CheckoutApiClient Resilience","Validation Errors"],"fullName":"CheckoutApiClient Resilience Validation Errors handles cart validation errors","status":"passed","title":"handles cart validation errors","duration":1.9822919999999158,"failureMessages":[],"meta":{}},{"ancestorTitles":["CheckoutApiClient Resilience","Validation Errors"],"fullName":"CheckoutApiClient Resilience Validation Errors validates checkout form structure","status":"passed","title":"validates checkout form structure","duration":0.6779579999999896,"failureMessages":[],"meta":{}},{"ancestorTitles":["CheckoutApiClient Resilience","Validation Errors"],"fullName":"CheckoutApiClient Resilience Validation Errors validates shipping quote request format","status":"passed","title":"validates shipping quote request format","duration":0.23291699999992943,"failureMessages":[],"meta":{}},{"ancestorTitles":["CheckoutApiClient Resilience","Network & Error Handling"],"fullName":"CheckoutApiClient Resilience Network & Error Handling handles timeout errors properly","status":"passed","title":"handles timeout errors properly","duration":0.7668750000000273,"failureMessages":[],"meta":{}},{"ancestorTitles":["CheckoutApiClient Resilience","Network & Error Handling"],"fullName":"CheckoutApiClient Resilience Network & Error Handling stops retrying non-retryable errors","status":"passed","title":"stops retrying non-retryable errors","duration":4.056124999999952,"failureMessages":[],"meta":{}},{"ancestorTitles":["CheckoutApiClient Resilience","Business Logic Validation"],"fullName":"CheckoutApiClient Resilience Business Logic Validation validates Greek postal code and city matching","status":"passed","title":"validates Greek postal code and city matching","duration":0.4315840000000435,"failureMessages":[],"meta":{}}],"startTime":1759352807887,"endTime":1759352807919.4316,"status":"passed","message":"","name":"/Users/panagiotiskourkoutis/Dixis Project 2/Project-Dixis/frontend/tests/unit/checkout.api.resilience.spec.ts"},{"assertionResults":[{"ancestorTitles":["SEC-DSR-001: GDPR Data Subject Rights","DSR Request Submission"],"fullName":"SEC-DSR-001: GDPR Data Subject Rights DSR Request Submission submits access request successfully","status":"passed","title":"submits access request successfully","duration":955.221375,"failureMessages":[],"meta":{}},{"ancestorTitles":["SEC-DSR-001: GDPR Data Subject Rights","DSR Request Submission"],"fullName":"SEC-DSR-001: GDPR Data Subject Rights DSR Request Submission submits erasure request with specific data categories","status":"passed","title":"submits erasure request with specific data categories","duration":996.8415419999999,"failureMessages":[],"meta":{}},{"ancestorTitles":["SEC-DSR-001: GDPR Data Subject Rights","DSR Request Submission"],"fullName":"SEC-DSR-001: GDPR Data Subject Rights DSR Request Submission submits portability request","status":"passed","title":"submits portability request","duration":731.6774999999998,"failureMessages":[],"meta":{}},{"ancestorTitles":["SEC-DSR-001: GDPR Data Subject Rights","DSR Request Submission"],"fullName":"SEC-DSR-001: GDPR Data Subject Rights DSR Request Submission normalizes email addresses","status":"passed","title":"normalizes email addresses","duration":536.6657089999999,"failureMessages":[],"meta":{}},{"ancestorTitles":["SEC-DSR-001: GDPR Data Subject Rights","DSR Request Status Tracking"],"fullName":"SEC-DSR-001: GDPR Data Subject Rights DSR Request Status Tracking retrieves request status","status":"passed","title":"retrieves request status","duration":875.2000410000005,"failureMessages":[],"meta":{}},{"ancestorTitles":["SEC-DSR-001: GDPR Data Subject Rights","DSR Request Status Tracking"],"fullName":"SEC-DSR-001: GDPR Data Subject Rights DSR Request Status Tracking lists user DSR requests","status":"passed","title":"lists user DSR requests","duration":576.4766659999996,"failureMessages":[],"meta":{}},{"ancestorTitles":["SEC-DSR-001: GDPR Data Subject Rights","Data Export for Portability"],"fullName":"SEC-DSR-001: GDPR Data Subject Rights Data Export for Portability generates comprehensive data export","status":"passed","title":"generates comprehensive data export","duration":843.0697499999997,"failureMessages":[],"meta":{}},{"ancestorTitles":["SEC-DSR-001: GDPR Data Subject Rights","Data Export for Portability"],"fullName":"SEC-DSR-001: GDPR Data Subject Rights Data Export for Portability includes Greek-specific data in export","status":"passed","title":"includes Greek-specific data in export","duration":786.2780410000005,"failureMessages":[],"meta":{}},{"ancestorTitles":["SEC-DSR-001: GDPR Data Subject Rights","Identity Verification"],"fullName":"SEC-DSR-001: GDPR Data Subject Rights Identity Verification verifies identity with correct code","status":"passed","title":"verifies identity with correct code","duration":754.8676660000001,"failureMessages":[],"meta":{}},{"ancestorTitles":["SEC-DSR-001: GDPR Data Subject Rights","Identity Verification"],"fullName":"SEC-DSR-001: GDPR Data Subject Rights Identity Verification handles verification failure gracefully","status":"passed","title":"handles verification failure gracefully","duration":958.0672909999994,"failureMessages":[],"meta":{}},{"ancestorTitles":["SEC-DSR-001: GDPR Data Subject Rights","Data Retention Policy"],"fullName":"SEC-DSR-001: GDPR Data Subject Rights Data Retention Policy provides comprehensive retention policy","status":"passed","title":"provides comprehensive retention policy","duration":2.146499999998923,"failureMessages":[],"meta":{}},{"ancestorTitles":["SEC-DSR-001: GDPR Data Subject Rights","Data Retention Policy"],"fullName":"SEC-DSR-001: GDPR Data Subject Rights Data Retention Policy includes correct legal basis for different data types","status":"passed","title":"includes correct legal basis for different data types","duration":0.17058299999916926,"failureMessages":[],"meta":{}},{"ancestorTitles":["SEC-DSR-001: GDPR Data Subject Rights","DSR Utilities"],"fullName":"SEC-DSR-001: GDPR Data Subject Rights DSR Utilities validates request expiration correctly","status":"passed","title":"validates request expiration correctly","duration":0.18979099999887694,"failureMessages":[],"meta":{}},{"ancestorTitles":["SEC-DSR-001: GDPR Data Subject Rights","DSR Utilities"],"fullName":"SEC-DSR-001: GDPR Data Subject Rights DSR Utilities provides Greek labels for request types","status":"passed","title":"provides Greek labels for request types","duration":0.14408299999922747,"failureMessages":[],"meta":{}},{"ancestorTitles":["SEC-DSR-001: GDPR Data Subject Rights","DSR Utilities"],"fullName":"SEC-DSR-001: GDPR Data Subject Rights DSR Utilities provides Greek labels for request status","status":"passed","title":"provides Greek labels for request status","duration":0.13691599999947357,"failureMessages":[],"meta":{}},{"ancestorTitles":["SEC-DSR-001: GDPR Data Subject Rights","DSR Utilities"],"fullName":"SEC-DSR-001: GDPR Data Subject Rights DSR Utilities calculates days until expiration correctly","status":"passed","title":"calculates days until expiration correctly","duration":0.109375,"failureMessages":[],"meta":{}},{"ancestorTitles":["SEC-DSR-001: GDPR Data Subject Rights","DSR Utilities"],"fullName":"SEC-DSR-001: GDPR Data Subject Rights DSR Utilities validates email addresses","status":"passed","title":"validates email addresses","duration":0.31004200000097626,"failureMessages":[],"meta":{}},{"ancestorTitles":["SEC-DSR-001: GDPR Data Subject Rights","GDPR Article Compliance"],"fullName":"SEC-DSR-001: GDPR Data Subject Rights GDPR Article Compliance supports all required DSR request types","status":"passed","title":"supports all required DSR request types","duration":0.26308400000016263,"failureMessages":[],"meta":{}},{"ancestorTitles":["SEC-DSR-001: GDPR Data Subject Rights","GDPR Article Compliance"],"fullName":"SEC-DSR-001: GDPR Data Subject Rights GDPR Article Compliance enforces 30-day response timeline","status":"passed","title":"enforces 30-day response timeline","duration":934.1889169999995,"failureMessages":[],"meta":{}},{"ancestorTitles":["SEC-DSR-001: GDPR Data Subject Rights","GDPR Article Compliance"],"fullName":"SEC-DSR-001: GDPR Data Subject Rights GDPR Article Compliance covers all relevant legal bases","status":"passed","title":"covers all relevant legal bases","duration":0.4392919999991136,"failureMessages":[],"meta":{}},{"ancestorTitles":["SEC-DSR-001: GDPR Data Subject Rights","Greek Market Specific Requirements"],"fullName":"SEC-DSR-001: GDPR Data Subject Rights Greek Market Specific Requirements handles Greek personal data correctly","status":"passed","title":"handles Greek personal data correctly","duration":579.8158749999984,"failureMessages":[],"meta":{}},{"ancestorTitles":["SEC-DSR-001: GDPR Data Subject Rights","Greek Market Specific Requirements"],"fullName":"SEC-DSR-001: GDPR Data Subject Rights Greek Market Specific Requirements provides DPO contact in Greece","status":"passed","title":"provides DPO contact in Greece","duration":0.4867500000000291,"failureMessages":[],"meta":{}},{"ancestorTitles":["SEC-DSR-001: GDPR Data Subject Rights","Greek Market Specific Requirements"],"fullName":"SEC-DSR-001: GDPR Data Subject Rights Greek Market Specific Requirements handles VAT/tax retention requirements","status":"passed","title":"handles VAT/tax retention requirements","duration":0.26491600000008475,"failureMessages":[],"meta":{}},{"ancestorTitles":["SEC-DSR-001: GDPR Data Subject Rights","Error Handling and Edge Cases"],"fullName":"SEC-DSR-001: GDPR Data Subject Rights Error Handling and Edge Cases handles network timeouts gracefully","status":"passed","title":"handles network timeouts gracefully","duration":788.9862499999999,"failureMessages":[],"meta":{}},{"ancestorTitles":["SEC-DSR-001: GDPR Data Subject Rights","Error Handling and Edge Cases"],"fullName":"SEC-DSR-001: GDPR Data Subject Rights Error Handling and Edge Cases validates required fields","status":"passed","title":"validates required fields","duration":303.37987500000054,"failureMessages":[],"meta":{}}],"startTime":1759352807857,"endTime":1759352818487.38,"status":"passed","message":"","name":"/Users/panagiotiskourkoutis/Dixis Project 2/Project-Dixis/frontend/tests/unit/gdpr-dsr.spec.ts"},{"assertionResults":[{"ancestorTitles":["SH-RATE-001: Greek Shipping Rate Calculation","Postal Code Validation"],"fullName":"SH-RATE-001: Greek Shipping Rate Calculation Postal Code Validation validates correct Greek postal codes","status":"passed","title":"validates correct Greek postal codes","duration":1.2889999999999873,"failureMessages":[],"meta":{}},{"ancestorTitles":["SH-RATE-001: Greek Shipping Rate Calculation","Postal Code Validation"],"fullName":"SH-RATE-001: Greek Shipping Rate Calculation Postal Code Validation rejects invalid postal codes","status":"passed","title":"rejects invalid postal codes","duration":0.15583300000002964,"failureMessages":[],"meta":{}},{"ancestorTitles":["SH-RATE-001: Greek Shipping Rate Calculation","Zone Identification"],"fullName":"SH-RATE-001: Greek Shipping Rate Calculation Zone Identification correctly identifies Athens metro area","status":"passed","title":"correctly identifies Athens metro area","duration":0.13308299999994233,"failureMessages":[],"meta":{}},{"ancestorTitles":["SH-RATE-001: Greek Shipping Rate Calculation","Zone Identification"],"fullName":"SH-RATE-001: Greek Shipping Rate Calculation Zone Identification correctly identifies Thessaloniki","status":"passed","title":"correctly identifies Thessaloniki","duration":0.12954100000001745,"failureMessages":[],"meta":{}},{"ancestorTitles":["SH-RATE-001: Greek Shipping Rate Calculation","Zone Identification"],"fullName":"SH-RATE-001: Greek Shipping Rate Calculation Zone Identification correctly identifies Greek islands","status":"passed","title":"correctly identifies Greek islands","duration":0.4347499999998945,"failureMessages":[],"meta":{}},{"ancestorTitles":["SH-RATE-001: Greek Shipping Rate Calculation","Rate Calculation for Different Zones"],"fullName":"SH-RATE-001: Greek Shipping Rate Calculation Rate Calculation for Different Zones calculates correct rates for Athens (no surcharge)","status":"passed","title":"calculates correct rates for Athens (no surcharge)","duration":0.5373749999999973,"failureMessages":[],"meta":{}},{"ancestorTitles":["SH-RATE-001: Greek Shipping Rate Calculation","Rate Calculation for Different Zones"],"fullName":"SH-RATE-001: Greek Shipping Rate Calculation Rate Calculation for Different Zones calculates correct rates for Thessaloniki (small surcharge)","status":"passed","title":"calculates correct rates for Thessaloniki (small surcharge)","duration":0.09120800000005147,"failureMessages":[],"meta":{}},{"ancestorTitles":["SH-RATE-001: Greek Shipping Rate Calculation","Rate Calculation for Different Zones"],"fullName":"SH-RATE-001: Greek Shipping Rate Calculation Rate Calculation for Different Zones calculates correct rates for Crete (island surcharge)","status":"passed","title":"calculates correct rates for Crete (island surcharge)","duration":0.13145799999995234,"failureMessages":[],"meta":{}},{"ancestorTitles":["SH-RATE-001: Greek Shipping Rate Calculation","Rate Calculation for Different Zones"],"fullName":"SH-RATE-001: Greek Shipping Rate Calculation Rate Calculation for Different Zones calculates correct rates for remote islands (multiple surcharges)","status":"passed","title":"calculates correct rates for remote islands (multiple surcharges)","duration":0.20966700000008132,"failureMessages":[],"meta":{}},{"ancestorTitles":["SH-RATE-001: Greek Shipping Rate Calculation","Weight-based Pricing"],"fullName":"SH-RATE-001: Greek Shipping Rate Calculation Weight-based Pricing calculates correct rates for heavy packages","status":"passed","title":"calculates correct rates for heavy packages","duration":0.10570800000004965,"failureMessages":[],"meta":{}},{"ancestorTitles":["SH-RATE-001: Greek Shipping Rate Calculation","Weight-based Pricing"],"fullName":"SH-RATE-001: Greek Shipping Rate Calculation Weight-based Pricing enforces minimum 1kg for calculation","status":"passed","title":"enforces minimum 1kg for calculation","duration":0.04083300000002055,"failureMessages":[],"meta":{}},{"ancestorTitles":["SH-RATE-001: Greek Shipping Rate Calculation","Delivery Time Estimation"],"fullName":"SH-RATE-001: Greek Shipping Rate Calculation Delivery Time Estimation adds correct delivery delays for islands","status":"passed","title":"adds correct delivery delays for islands","duration":0.05595800000003237,"failureMessages":[],"meta":{}},{"ancestorTitles":["SH-LOCK-002: Shipping Rate Locking"],"fullName":"SH-LOCK-002: Shipping Rate Locking creates shipping rate locks for bulk orders","status":"passed","title":"creates shipping rate locks for bulk orders","duration":100.95004100000006,"failureMessages":[],"meta":{}},{"ancestorTitles":["SH-LOCK-002: Shipping Rate Locking"],"fullName":"SH-LOCK-002: Shipping Rate Locking supports custom lock duration","status":"passed","title":"supports custom lock duration","duration":100.83012500000007,"failureMessages":[],"meta":{}},{"ancestorTitles":["SH-LOCK-002: Shipping Rate Locking"],"fullName":"SH-LOCK-002: Shipping Rate Locking generates unique lock IDs for concurrent requests","status":"passed","title":"generates unique lock IDs for concurrent requests","duration":103.03633300000001,"failureMessages":[],"meta":{}},{"ancestorTitles":["SH-SURC-003: Dynamic Surcharge Calculation"],"fullName":"SH-SURC-003: Dynamic Surcharge Calculation calculates seasonal surcharges correctly","status":"passed","title":"calculates seasonal surcharges correctly","duration":0.1199579999999969,"failureMessages":[],"meta":{}},{"ancestorTitles":["SH-SURC-003: Dynamic Surcharge Calculation"],"fullName":"SH-SURC-003: Dynamic Surcharge Calculation calculates insurance surcharges for high-value orders","status":"passed","title":"calculates insurance surcharges for high-value orders","duration":0.036166999999977634,"failureMessages":[],"meta":{}},{"ancestorTitles":["SH-SURC-003: Dynamic Surcharge Calculation"],"fullName":"SH-SURC-003: Dynamic Surcharge Calculation calculates remote area handling surcharges","status":"passed","title":"calculates remote area handling surcharges","duration":0.03316599999993741,"failureMessages":[],"meta":{}},{"ancestorTitles":["SH-SURC-003: Dynamic Surcharge Calculation"],"fullName":"SH-SURC-003: Dynamic Surcharge Calculation caps remote surcharge at maximum amount","status":"passed","title":"caps remote surcharge at maximum amount","duration":0.03883300000006784,"failureMessages":[],"meta":{}},{"ancestorTitles":["SH-SURC-003: Dynamic Surcharge Calculation"],"fullName":"SH-SURC-003: Dynamic Surcharge Calculation combines all surcharge types correctly","status":"passed","title":"combines all surcharge types correctly","duration":0.025417000000061307,"failureMessages":[],"meta":{}}],"startTime":1759352807839,"endTime":1759352808148.1199,"status":"passed","message":"","name":"/Users/panagiotiskourkoutis/Dixis Project 2/Project-Dixis/frontend/tests/unit/shipping-calculator.spec.ts"},{"assertionResults":[{"ancestorTitles":["useCheckout Hook"],"fullName":"useCheckout Hook loads cart and handles errors","status":"skipped","title":"loads cart and handles errors","failureMessages":[],"meta":{}},{"ancestorTitles":["useCheckout Hook"],"fullName":"useCheckout Hook gets shipping quotes with Greek postal validation","status":"skipped","title":"gets shipping quotes with Greek postal validation","failureMessages":[],"meta":{}},{"ancestorTitles":["useCheckout Hook"],"fullName":"useCheckout Hook validates form and processes complete checkout with Greek VAT","status":"skipped","title":"validates form and processes complete checkout with Greek VAT","failureMessages":[],"meta":{}},{"ancestorTitles":["useCheckout Hook"],"fullName":"useCheckout Hook resets state correctly","status":"skipped","title":"resets state correctly","failureMessages":[],"meta":{}}],"startTime":1759352807090,"endTime":1759352807090,"status":"passed","message":"","name":"/Users/panagiotiskourkoutis/Dixis Project 2/Project-Dixis/frontend/tests/unit/useCheckout.spec.tsx"}]}
